2026-02-17 15:23:00,828 - REDIRECT para HOME. intended=https://www.naruto-arena.site/mission/team-7-fights-as-a-team final=https://www.naruto-arena.site/
2026-02-17 15:23:02,974 - REDIRECT para HOME. intended=https://www.naruto-arena.site/mission/team-8-scouting-at-its-best final=https://www.naruto-arena.site/
2026-02-17 15:23:04,990 - REDIRECT para HOME. intended=https://www.naruto-arena.site/mission/team-9-the-best-taijustu-team final=https://www.naruto-arena.site/
2026-02-17 15:23:07,134 - REDIRECT para HOME. intended=https://www.naruto-arena.site/mission/team-10-fights-vs-the-sound final=https://www.naruto-arena.site/
2026-02-17 15:23:09,248 - REDIRECT para HOME. intended=https://www.naruto-arena.site/mission/sand-siblings-at-war final=https://www.naruto-arena.site/
2026-02-17 15:23:11,796 - REDIRECT para HOME. intended=https://www.naruto-arena.site/mission/s-rank-criminal-kisame! final=https://www.naruto-arena.site/
2026-02-17 15:23:14,380 - REDIRECT para HOME. intended=https://www.naruto-arena.site/mission/s-rank-criminal-itachi! final=https://www.naruto-arena.site/
2026-02-17 15:23:16,894 - REDIRECT para HOME. intended=https://www.naruto-arena.site/mission/the-moonlight-of-the-leaf final=https://www.naruto-arena.site/
2026-02-17 15:23:34,330 - REDIRECT para HOME. intended=https://www.naruto-arena.site/mission/the-corrupted-by-dark-ambitons final=https://www.naruto-arena.site/
2026-02-17 15:23:50,581 - REDIRECT para HOME. intended=https://www.naruto-arena.site/mission/a-downpour-of-illusion final=https://www.naruto-arena.site/
2026-02-17 15:23:53,874 - REDIRECT para HOME. intended=https://www.naruto-arena.site/mission/the-yamanaka-shadow final=https://www.naruto-arena.site/
2026-02-17 15:23:56,002 - REDIRECT para HOME. intended=https://www.naruto-arena.site/mission/the-aburame-shadow final=https://www.naruto-arena.site/
2026-02-17 15:23:58,088 - REDIRECT para HOME. intended=https://www.naruto-arena.site/mission/the-veteran-of-the-mist final=https://www.naruto-arena.site/
2026-02-17 15:24:00,259 - REDIRECT para HOME. intended=https://www.naruto-arena.site/mission/the-lone-swordsman final=https://www.naruto-arena.site/
2026-02-17 15:24:02,746 - REDIRECT para HOME. intended=https://www.naruto-arena.site/mission/the-third-sand-sibling final=https://www.naruto-arena.site/
2026-02-17 15:24:05,105 - REDIRECT para HOME. intended=https://www.naruto-arena.site/mission/a-respected-cloud-ninja final=https://www.naruto-arena.site/
2026-02-17 15:24:07,727 - REDIRECT para HOME. intended=https://www.naruto-arena.site/mission/the-rock-of-the-rock-village final=https://www.naruto-arena.site/
2026-02-17 15:24:10,364 - REDIRECT para HOME. intended=https://www.naruto-arena.site/mission/a-nameless-man final=https://www.naruto-arena.site/
2026-02-17 15:24:12,960 - REDIRECT para HOME. intended=https://www.naruto-arena.site/mission/a-plant-life final=https://www.naruto-arena.site/
2026-02-17 15:24:15,519 - REDIRECT para HOME. intended=https://www.naruto-arena.site/mission/the-clones-of-zetsu final=https://www.naruto-arena.site/
2026-02-17 15:24:18,078 - REDIRECT para HOME. intended=https://www.naruto-arena.site/mission/shadow-of-the-leaf final=https://www.naruto-arena.site/
2026-02-17 15:24:21,607 - REDIRECT para HOME. intended=https://www.naruto-arena.site/mission/the-fifth-mizukage final=https://www.naruto-arena.site/
2026-02-17 15:24:24,030 - REDIRECT para HOME. intended=https://www.naruto-arena.site/mission/the-fourth-raikage final=https://www.naruto-arena.site/
2026-02-17 15:24:26,546 - REDIRECT para HOME. intended=https://www.naruto-arena.site/mission/the-third-tsuchikage final=https://www.naruto-arena.site/
2026-02-17 15:24:29,360 - REDIRECT para HOME. intended=https://www.naruto-arena.site/mission/the-raving-lunatic final=https://www.naruto-arena.site/
2026-02-17 15:24:31,811 - REDIRECT para HOME. intended=https://www.naruto-arena.site/mission/curse-of-the-uchiha final=https://www.naruto-arena.site/
2026-02-17 15:24:37,188 - REDIRECT para HOME. intended=https://www.naruto-arena.site/mission/the-rains-angel final=https://www.naruto-arena.site/
2026-02-17 15:24:39,315 - REDIRECT para HOME. intended=https://www.naruto-arena.site/mission/the-shrewd-kunoichi final=https://www.naruto-arena.site/
2026-02-17 15:24:41,298 - REDIRECT para HOME. intended=https://www.naruto-arena.site/mission/maki-of-the-sand final=https://www.naruto-arena.site/
2026-02-17 15:24:43,416 - REDIRECT para HOME. intended=https://www.naruto-arena.site/mission/deidara-revived final=https://www.naruto-arena.site/
2026-02-17 15:24:45,559 - REDIRECT para HOME. intended=https://www.naruto-arena.site/mission/the-kind-kunoichi-of-the-past final=https://www.naruto-arena.site/
2026-02-17 15:24:47,679 - REDIRECT para HOME. intended=https://www.naruto-arena.site/mission/haku-returns final=https://www.naruto-arena.site/
2026-02-17 15:24:49,820 - REDIRECT para HOME. intended=https://www.naruto-arena.site/mission/return-of-the-demon final=https://www.naruto-arena.site/
2026-02-17 15:24:52,032 - REDIRECT para HOME. intended=https://www.naruto-arena.site/mission/the-second-coming-of-the-demon final=https://www.naruto-arena.site/
2026-02-17 15:24:54,032 - REDIRECT para HOME. intended=https://www.naruto-arena.site/mission/the-hammer-of-the-mist final=https://www.naruto-arena.site/
2026-02-17 15:24:56,256 - REDIRECT para HOME. intended=https://www.naruto-arena.site/mission/the-mists-deadly-kunoichi final=https://www.naruto-arena.site/
2026-02-17 15:24:58,255 - REDIRECT para HOME. intended=https://www.naruto-arena.site/mission/a-psychotic-swordsman final=https://www.naruto-arena.site/
2026-02-17 15:25:00,464 - REDIRECT para HOME. intended=https://www.naruto-arena.site/mission/samehadas-first-master final=https://www.naruto-arena.site/
2026-02-17 15:25:02,707 - REDIRECT para HOME. intended=https://www.naruto-arena.site/mission/the-puppet-master-is-back final=https://www.naruto-arena.site/
2026-02-17 15:25:04,921 - REDIRECT para HOME. intended=https://www.naruto-arena.site/mission/return-of-the-puppet-master final=https://www.naruto-arena.site/
2026-02-17 15:25:06,949 - REDIRECT para HOME. intended=https://www.naruto-arena.site/mission/a-new-power final=https://www.naruto-arena.site/
2026-02-17 15:25:09,137 - REDIRECT para HOME. intended=https://www.naruto-arena.site/mission/the-will-of-the-senju final=https://www.naruto-arena.site/
2026-02-17 15:25:11,501 - REDIRECT para HOME. intended=https://www.naruto-arena.site/mission/the-leader-of-the-third-division final=https://www.naruto-arena.site/
2026-02-17 15:25:13,743 - REDIRECT para HOME. intended=https://www.naruto-arena.site/mission/the-dull-genius-of-the-cloud final=https://www.naruto-arena.site/
2026-02-17 15:25:16,014 - REDIRECT para HOME. intended=https://www.naruto-arena.site/mission/a-cautious-blade-in-the-cloud final=https://www.naruto-arena.site/
2026-02-17 15:25:18,172 - REDIRECT para HOME. intended=https://www.naruto-arena.site/mission/the-master-hyuuga final=https://www.naruto-arena.site/
2026-02-17 15:25:20,920 - REDIRECT para HOME. intended=https://www.naruto-arena.site/mission/the-strategist-at-war final=https://www.naruto-arena.site/
2026-02-17 15:25:23,654 - REDIRECT para HOME. intended=https://www.naruto-arena.site/mission/the-kind-heart-warrior-at-war final=https://www.naruto-arena.site/
2026-02-17 15:25:25,808 - REDIRECT para HOME. intended=https://www.naruto-arena.site/mission/yamanaka-florist-at-war final=https://www.naruto-arena.site/
2026-02-17 15:25:27,932 - REDIRECT para HOME. intended=https://www.naruto-arena.site/mission/intellect-and-shadows final=https://www.naruto-arena.site/
2026-02-17 15:25:30,026 - REDIRECT para HOME. intended=https://www.naruto-arena.site/mission/the-general-of-land-of-iron final=https://www.naruto-arena.site/
2026-02-17 15:25:32,120 - REDIRECT para HOME. intended=https://www.naruto-arena.site/mission/hanzo-of-the-salamander final=https://www.naruto-arena.site/
2026-02-17 15:25:34,225 - REDIRECT para HOME. intended=https://www.naruto-arena.site/mission/night-raid final=https://www.naruto-arena.site/
2026-02-17 15:25:36,371 - REDIRECT para HOME. intended=https://www.naruto-arena.site/mission/the-medic-ninja-of-the-third-divison final=https://www.naruto-arena.site/
2026-02-17 15:25:38,567 - REDIRECT para HOME. intended=https://www.naruto-arena.site/mission/the-emotional-energy final=https://www.naruto-arena.site/
2026-02-17 15:25:40,727 - REDIRECT para HOME. intended=https://www.naruto-arena.site/mission/aburame-at-war final=https://www.naruto-arena.site/
2026-02-17 15:25:42,922 - REDIRECT para HOME. intended=https://www.naruto-arena.site/mission/the-hyuuga-princess-at-war final=https://www.naruto-arena.site/
2026-02-17 15:25:44,916 - REDIRECT para HOME. intended=https://www.naruto-arena.site/mission/the-boy-and-his-dog-at-war final=https://www.naruto-arena.site/
2026-02-17 15:25:47,023 - REDIRECT para HOME. intended=https://www.naruto-arena.site/mission/the-winds-of-war final=https://www.naruto-arena.site/
2026-02-17 15:25:49,002 - REDIRECT para HOME. intended=https://www.naruto-arena.site/mission/the-war-commander final=https://www.naruto-arena.site/
2026-02-17 15:25:51,195 - REDIRECT para HOME. intended=https://www.naruto-arena.site/mission/the-new-puppet-master final=https://www.naruto-arena.site/
2026-02-17 15:25:53,336 - REDIRECT para HOME. intended=https://www.naruto-arena.site/mission/an-anbu-of-the-leaf final=https://www.naruto-arena.site/
2026-02-17 15:25:55,495 - REDIRECT para HOME. intended=https://www.naruto-arena.site/mission/the-null-man final=https://www.naruto-arena.site/
2026-02-17 15:25:57,608 - REDIRECT para HOME. intended=https://www.naruto-arena.site/mission/jiroubou-is-revived final=https://www.naruto-arena.site/
2026-02-17 15:26:00,356 - REDIRECT para HOME. intended=https://www.naruto-arena.site/mission/kidoumaru-is-revived final=https://www.naruto-arena.site/
2026-02-17 15:26:02,850 - REDIRECT para HOME. intended=https://www.naruto-arena.site/mission/sakon-is-revived final=https://www.naruto-arena.site/
2026-02-17 15:26:05,320 - REDIRECT para HOME. intended=https://www.naruto-arena.site/mission/tayuya-is-revived final=https://www.naruto-arena.site/
2026-02-17 15:26:08,097 - REDIRECT para HOME. intended=https://www.naruto-arena.site/mission/kimimaro-is-revived final=https://www.naruto-arena.site/
2026-02-17 15:26:12,283 - REDIRECT para HOME. intended=https://www.naruto-arena.site/mission/the-fallen-uzumaki final=https://www.naruto-arena.site/
2026-02-17 15:26:14,520 - REDIRECT para HOME. intended=https://www.naruto-arena.site/mission/the-sandaime-raikage final=https://www.naruto-arena.site/
2026-02-17 15:26:17,867 - REDIRECT para HOME. intended=https://www.naruto-arena.site/mission/wispy-whiskers final=https://www.naruto-arena.site/
2026-02-17 15:26:20,160 - REDIRECT para HOME. intended=https://www.naruto-arena.site/mission/a-chance-at-redemption final=https://www.naruto-arena.site/
2026-02-17 15:26:22,373 - REDIRECT para HOME. intended=https://www.naruto-arena.site/mission/the-next-summoning final=https://www.naruto-arena.site/
2026-02-17 15:26:24,541 - REDIRECT para HOME. intended=https://www.naruto-arena.site/mission/successor-of-the-snake final=https://www.naruto-arena.site/
2026-02-17 15:26:26,688 - REDIRECT para HOME. intended=https://www.naruto-arena.site/mission/yugito,-the-path-of-pain final=https://www.naruto-arena.site/
2026-02-17 15:26:28,748 - REDIRECT para HOME. intended=https://www.naruto-arena.site/mission/fuu,-the-path-of-pain final=https://www.naruto-arena.site/
2026-02-17 15:26:31,367 - REDIRECT para HOME. intended=https://www.naruto-arena.site/mission/yagura,-the-path-of-pain final=https://www.naruto-arena.site/
2026-02-17 15:26:34,738 - REDIRECT para HOME. intended=https://www.naruto-arena.site/mission/disciples-of-the-toad final=https://www.naruto-arena.site/
2026-02-17 15:26:36,884 - REDIRECT para HOME. intended=https://www.naruto-arena.site/mission/disciples-of-the-slug final=https://www.naruto-arena.site/
2026-02-17 15:26:39,351 - REDIRECT para HOME. intended=https://www.naruto-arena.site/mission/disciples-of-the-snake final=https://www.naruto-arena.site/
2026-02-17 15:26:41,495 - REDIRECT para HOME. intended=https://www.naruto-arena.site/mission/the-god-of-the-shinobi final=https://www.naruto-arena.site/
2026-02-17 15:26:43,669 - REDIRECT para HOME. intended=https://www.naruto-arena.site/mission/the-resurrection-of-the-first final=https://www.naruto-arena.site/
2026-02-17 15:26:45,817 - REDIRECT para HOME. intended=https://www.naruto-arena.site/mission/the-resurrection-of-the-second final=https://www.naruto-arena.site/
2026-02-17 15:26:54,933 - REDIRECT para HOME. intended=https://www.naruto-arena.site/mission/the-green-beast final=https://www.naruto-arena.site/
2026-02-17 15:26:57,611 - REDIRECT para HOME. intended=https://www.naruto-arena.site/mission/from-teacher-to-partner final=https://www.naruto-arena.site/
2026-02-17 15:27:00,169 - REDIRECT para HOME. intended=https://www.naruto-arena.site/mission/finding-his-purpose final=https://www.naruto-arena.site/
2026-02-17 15:27:02,742 - REDIRECT para HOME. intended=https://www.naruto-arena.site/mission/a-blank-slate final=https://www.naruto-arena.site/
2026-02-17 15:27:05,351 - REDIRECT para HOME. intended=https://www.naruto-arena.site/mission/a-new-team-leader final=https://www.naruto-arena.site/
2026-02-17 15:27:07,897 - REDIRECT para HOME. intended=https://www.naruto-arena.site/mission/return-of-the-snake final=https://www.naruto-arena.site/
2026-02-17 15:27:10,509 - REDIRECT para HOME. intended=https://www.naruto-arena.site/mission/a-double-agent final=https://www.naruto-arena.site/
2026-02-17 15:27:13,092 - REDIRECT para HOME. intended=https://www.naruto-arena.site/mission/what-lies-beneath final=https://www.naruto-arena.site/
2026-02-17 15:27:16,914 - REDIRECT para HOME. intended=https://www.naruto-arena.site/mission/a-guardian-of-the-flame final=https://www.naruto-arena.site/
2026-02-17 15:27:19,458 - REDIRECT para HOME. intended=https://www.naruto-arena.site/mission/a-portly-but-steadfast-ninja final=https://www.naruto-arena.site/
2026-02-17 15:27:22,308 - REDIRECT para HOME. intended=https://www.naruto-arena.site/mission/blondes-have-all-the-fun final=https://www.naruto-arena.site/
2026-02-17 15:27:24,472 - REDIRECT para HOME. intended=https://www.naruto-arena.site/mission/the-konoha-man-of-mystery final=https://www.naruto-arena.site/
2026-02-17 15:27:26,714 - REDIRECT para HOME. intended=https://www.naruto-arena.site/mission/a-lovestruck-girl final=https://www.naruto-arena.site/
2026-02-17 15:27:29,068 - REDIRECT para HOME. intended=https://www.naruto-arena.site/mission/boy-and-his-dog final=https://www.naruto-arena.site/
2026-02-17 15:27:31,260 - REDIRECT para HOME. intended=https://www.naruto-arena.site/mission/an-inseparable-duo final=https://www.naruto-arena.site/
2026-02-17 15:27:33,485 - REDIRECT para HOME. intended=https://www.naruto-arena.site/mission/a-feast-for-crows final=https://www.naruto-arena.site/
2026-02-17 15:27:36,140 - REDIRECT para HOME. intended=https://www.naruto-arena.site/mission/a-true-artist final=https://www.naruto-arena.site/
2026-02-17 15:27:38,300 - REDIRECT para HOME. intended=https://www.naruto-arena.site/mission/puppet-within-a-puppet final=https://www.naruto-arena.site/
2026-02-17 15:27:42,826 - REDIRECT para HOME. intended=https://www.naruto-arena.site/mission/the-aspiring-puppet-master final=https://www.naruto-arena.site/
2026-02-17 15:27:44,934 - REDIRECT para HOME. intended=https://www.naruto-arena.site/mission/the-real-itachi final=https://www.naruto-arena.site/
2026-02-17 15:27:47,123 - REDIRECT para HOME. intended=https://www.naruto-arena.site/mission/return-of-a-rival final=https://www.naruto-arena.site/
2026-02-17 15:27:49,224 - REDIRECT para HOME. intended=https://www.naruto-arena.site/mission/master-of-puppets final=https://www.naruto-arena.site/
2026-02-17 15:27:51,378 - REDIRECT para HOME. intended=https://www.naruto-arena.site/mission/perfection-achieved final=https://www.naruto-arena.site/
2026-02-17 15:27:54,135 - REDIRECT para HOME. intended=https://www.naruto-arena.site/mission/another-sacrifice final=https://www.naruto-arena.site/
2026-02-17 15:27:56,335 - REDIRECT para HOME. intended=https://www.naruto-arena.site/mission/hidden-monsters final=https://www.naruto-arena.site/
2026-02-17 15:27:58,486 - REDIRECT para HOME. intended=https://www.naruto-arena.site/mission/the-two-tailed-beast final=https://www.naruto-arena.site/
2026-02-17 15:28:00,633 - REDIRECT para HOME. intended=https://www.naruto-arena.site/mission/beginning-a-path-of-vengeance final=https://www.naruto-arena.site/
2026-02-17 15:28:02,664 - REDIRECT para HOME. intended=https://www.naruto-arena.site/mission/a-slippery-individual final=https://www.naruto-arena.site/
2026-02-17 15:28:05,053 - REDIRECT para HOME. intended=https://www.naruto-arena.site/mission/tsundere-sensor final=https://www.naruto-arena.site/
2026-02-17 15:28:07,445 - REDIRECT para HOME. intended=https://www.naruto-arena.site/mission/gentle-lunatic final=https://www.naruto-arena.site/
2026-02-17 15:28:09,926 - REDIRECT para HOME. intended=https://www.naruto-arena.site/mission/jiraiya-undercover final=https://www.naruto-arena.site/
2026-02-17 15:28:12,453 - REDIRECT para HOME. intended=https://www.naruto-arena.site/mission/angel-of-akatsuki final=https://www.naruto-arena.site/
2026-02-17 15:28:14,995 - REDIRECT para HOME. intended=https://www.naruto-arena.site/mission/animal-path final=https://www.naruto-arena.site/
2026-02-17 15:28:17,476 - REDIRECT para HOME. intended=https://www.naruto-arena.site/mission/power-of-a-sage final=https://www.naruto-arena.site/
2026-02-17 15:28:19,975 - REDIRECT para HOME. intended=https://www.naruto-arena.site/mission/destiny-of-itachi final=https://www.naruto-arena.site/
2026-02-17 15:28:22,512 - REDIRECT para HOME. intended=https://www.naruto-arena.site/mission/there-won't-be-a-next-time final=https://www.naruto-arena.site/
2026-02-17 15:28:25,183 - REDIRECT para HOME. intended=https://www.naruto-arena.site/mission/awakening-of-the-mangekyou-sharingan final=https://www.naruto-arena.site/
2026-02-17 15:28:27,727 - REDIRECT para HOME. intended=https://www.naruto-arena.site/mission/the-mysterious-swordsman final=https://www.naruto-arena.site/
2026-02-17 15:28:30,228 - REDIRECT para HOME. intended=https://www.naruto-arena.site/mission/the-mental-genius final=https://www.naruto-arena.site/
2026-02-17 15:28:33,233 - REDIRECT para HOME. intended=https://www.naruto-arena.site/mission/the-den-mother final=https://www.naruto-arena.site/
2026-02-17 15:28:35,700 - REDIRECT para HOME. intended=https://www.naruto-arena.site/mission/a-proud-father final=https://www.naruto-arena.site/
2026-02-17 15:28:38,190 - REDIRECT para HOME. intended=https://www.naruto-arena.site/mission/the-ruthless-interrogater final=https://www.naruto-arena.site/
2026-02-17 15:28:40,363 - REDIRECT para HOME. intended=https://www.naruto-arena.site/mission/female-animal-path final=https://www.naruto-arena.site/
2026-02-17 15:28:42,459 - REDIRECT para HOME. intended=https://www.naruto-arena.site/mission/human-path final=https://www.naruto-arena.site/
2026-02-17 15:28:44,548 - REDIRECT para HOME. intended=https://www.naruto-arena.site/mission/asura-path final=https://www.naruto-arena.site/
2026-02-17 15:28:46,701 - REDIRECT para HOME. intended=https://www.naruto-arena.site/mission/preta-path final=https://www.naruto-arena.site/
2026-02-17 15:28:48,878 - REDIRECT para HOME. intended=https://www.naruto-arena.site/mission/naraka-path final=https://www.naruto-arena.site/
2026-02-17 15:28:51,050 - REDIRECT para HOME. intended=https://www.naruto-arena.site/mission/student-surpasses-the-master final=https://www.naruto-arena.site/
2026-02-17 15:28:53,184 - REDIRECT para HOME. intended=https://www.naruto-arena.site/mission/deva-path final=https://www.naruto-arena.site/
2026-02-17 15:28:55,199 - REDIRECT para HOME. intended=https://www.naruto-arena.site/mission/the-sages-of-mount-myoboku final=https://www.naruto-arena.site/
2026-02-17 15:28:57,267 - REDIRECT para HOME. intended=https://www.naruto-arena.site/mission/eye-of-the-rinnegan final=https://www.naruto-arena.site/
2026-02-17 15:28:59,453 - REDIRECT para HOME. intended=https://www.naruto-arena.site/missions/special-missions final=https://www.naruto-arena.site/
2026-02-17 15:29:04,071 - REDIRECT para HOME. intended=https://www.naruto-arena.site/mission/the-yellow-flash final=https://www.naruto-arena.site/
2026-02-17 15:29:06,306 - REDIRECT para HOME. intended=https://www.naruto-arena.site/mission/a-final-promise final=https://www.naruto-arena.site/
2026-02-17 15:29:08,522 - REDIRECT para HOME. intended=https://www.naruto-arena.site/mission/the-fourth final=https://www.naruto-arena.site/
2026-02-17 15:29:11,010 - REDIRECT para HOME. intended=https://www.naruto-arena.site/mission/masked-man-vs-yondaime-minato final=https://www.naruto-arena.site/
2026-02-17 15:29:13,052 - REDIRECT para HOME. intended=https://www.naruto-arena.site/mission/konoha final=https://www.naruto-arena.site/
2026-02-17 15:29:15,284 - REDIRECT para HOME. intended=https://www.naruto-arena.site/mission/uchiha-eternity final=https://www.naruto-arena.site/
2026-02-17 15:29:17,309 - REDIRECT para HOME. intended=https://www.naruto-arena.site/mission/eternal-devotion final=https://www.naruto-arena.site/
2026-02-17 15:29:19,481 - REDIRECT para HOME. intended=https://www.naruto-arena.site/mission/the-elusive-six-tails final=https://www.naruto-arena.site/
2026-02-17 15:29:21,603 - REDIRECT para HOME. intended=https://www.naruto-arena.site/mission/the-bloody-mizukage final=https://www.naruto-arena.site/
